[templates.hibootstrap.com/colugo/default/index.html]
[templates.hibootstrap.com/colugo/default/assets/css/bootstrap.min.css]
[templates.hibootstrap.com/colugo/default/assets/css/animate.min.css]
[templates.hibootstrap.com/colugo/default/assets/css/owl.carousel.min.css]
[templates.hibootstrap.com/colugo/default/assets/css/fontawesome.min.css]
[templates.hibootstrap.com/colugo/default/assets/css/odometer.css]
[templates.hibootstrap.com/colugo/default/assets/css/magnific-popup.min.css]
[templates.hibootstrap.com/colugo/default/assets/css/style.css]
[templates.hibootstrap.com/colugo/default/assets/css/slick.min.css]
[backblue.gif]
[fade.gif]
[index.html]
[templates.hibootstrap.com/colugo/default/assets/css/responsive.css]
[templates.hibootstrap.com/colugo/default/assets/img/favicon.png]
[templates.hibootstrap.com/colugo/default/blog.html]
[templates.hibootstrap.com/colugo/default/assets/css/dark.css]
[templates.hibootstrap.com/colugo/default/assets/img/store/1.png]
[templates.hibootstrap.com/colugo/default/assets/img/store/2.png]
[templates.hibootstrap.com/colugo/default/assets/img/mobile.png]
[templates.hibootstrap.com/colugo/default/assets/img/shape/1.png]
[templates.hibootstrap.com/colugo/default/assets/img/shape/2.png]
[templates.hibootstrap.com/colugo/default/assets/img/shape/3.svg]
[templates.hibootstrap.com/colugo/default/assets/img/shape/4.svg]
[templates.hibootstrap.com/colugo/default/assets/img/shape/5.png]
[templates.hibootstrap.com/colugo/default/assets/img/about.png]
[templates.hibootstrap.com/colugo/default/assets/img/screenshot/1.png]
[templates.hibootstrap.com/colugo/default/assets/img/screenshot/2.png]
[templates.hibootstrap.com/colugo/default/assets/img/screenshot/3.png]
[templates.hibootstrap.com/colugo/default/assets/img/screenshot/4.png]
[templates.hibootstrap.com/colugo/default/assets/img/screenshot/5.png]
[templates.hibootstrap.com/colugo/default/assets/img/screenshot/6.png]
[templates.hibootstrap.com/colugo/default/assets/img/client/1.jpg]
[templates.hibootstrap.com/colugo/default/assets/img/client/2.jpg]
[templates.hibootstrap.com/colugo/default/assets/img/client/3.jpg]
[templates.hibootstrap.com/colugo/default/assets/img/client/4.jpg]
[templates.hibootstrap.com/colugo/default/assets/img/client/5.jpg]
[templates.hibootstrap.com/colugo/default/assets/img/overview.png]
[templates.hibootstrap.com/colugo/default/assets/img/faq-mobile.png]
[templates.hibootstrap.com/colugo/default/assets/img/team/image1.jpg]
[templates.hibootstrap.com/colugo/default/assets/img/team/image2.jpg]
[templates.hibootstrap.com/colugo/default/assets/img/team/image3.jpg]
[templates.hibootstrap.com/colugo/default/single-blog.html]
[templates.hibootstrap.com/colugo/default/assets/img/blog/image1.jpg]
[templates.hibootstrap.com/colugo/default/assets/img/blog/image2.jpg]
[templates.hibootstrap.com/colugo/default/assets/img/blog/image3.jpg]
[templates.hibootstrap.com/cdn-cgi/scripts/5c5dd728/cloudflare-static/email-decode.min.js]
[templates.hibootstrap.com/colugo/default/assets/js/jquery.min.js]
[templates.hibootstrap.com/colugo/default/assets/js/bootstrap.bundle.min.js]
[templates.hibootstrap.com/colugo/default/assets/js/owl.carousel.min.js]
[templates.hibootstrap.com/colugo/default/assets/js/jquery.appear.js]
[templates.hibootstrap.com/colugo/default/assets/js/odometer.min.js]
[templates.hibootstrap.com/colugo/default/assets/js/particles.min.js]
[templates.hibootstrap.com/colugo/default/assets/js/slick.min.js]
[templates.hibootstrap.com/colugo/default/assets/js/jquery.ripples-min.js]
[templates.hibootstrap.com/colugo/default/assets/js/jquery.magnific-popup.min.js]
[templates.hibootstrap.com/colugo/default/assets/js/wow.min.js]
[templates.hibootstrap.com/colugo/default/assets/js/jquery.ajaxchimp.min.js]
[templates.hibootstrap.com/colugo/default/assets/js/form-validator.min.js]
[templates.hibootstrap.com/colugo/default/assets/js/contact-form-script.js]
[templates.hibootstrap.com/colugo/default/index.html]
[templates.hibootstrap.com/colugo/default/assets/css/bootstrap.min.css]
[templates.hibootstrap.com/colugo/default/assets/css/animate.min.css]
[templates.hibootstrap.com/colugo/default/assets/js/main.js]
[templates.hibootstrap.com/colugo/default/assets/css/owl.video.play.png]
[templates.hibootstrap.com/colugo/default/assets/css/owl.carousel.min.css]
[templates.hibootstrap.com/colugo/default/assets/webfonts/fa-brands-400.woff2]
[templates.hibootstrap.com/colugo/default/assets/webfonts/fa-brands-400.ttf]
[templates.hibootstrap.com/colugo/default/assets/webfonts/fa-regular-400.woff2]
[templates.hibootstrap.com/colugo/default/assets/webfonts/fa-regular-400.ttf]
[templates.hibootstrap.com/colugo/default/assets/webfonts/fa-solid-900.woff2]
[templates.hibootstrap.com/colugo/default/assets/webfonts/fa-solid-900.ttf]
[templates.hibootstrap.com/colugo/default/assets/webfonts/fa-v4compatibility.woff2]
[templates.hibootstrap.com/colugo/default/assets/webfonts/fa-v4compatibility.ttf]
[templates.hibootstrap.com/colugo/default/assets/css/fontawesome.min.css]
[templates.hibootstrap.com/colugo/default/assets/css/odometer.css]
[templates.hibootstrap.com/colugo/default/assets/css/magnific-popup.min.css]
[templates.hibootstrap.com/colugo/default/assets/css/slick.min.css]
[templates.hibootstrap.com/colugo/default/assets/img/main-banner.jpg]
[templates.hibootstrap.com/colugo/default/assets/img/screenshot.jpg]
[templates.hibootstrap.com/colugo/default/assets/img/download-bg.jpg]
[templates.hibootstrap.com/colugo/default/assets/img/subscribe-bg.jpg]
[templates.hibootstrap.com/colugo/default/assets/img/main-banner2.jpg]
[templates.hibootstrap.com/colugo/default/assets/img/blog/image4.jpg]
[templates.hibootstrap.com/colugo/default/assets/img/blog/image5.jpg]
[templates.hibootstrap.com/colugo/default/assets/img/blog/image6.jpg]
[templates.hibootstrap.com/colugo/default/assets/css/style.css]
[templates.hibootstrap.com/colugo/default/assets/img/night.png]
[templates.hibootstrap.com/colugo/default/assets/img/sunny.png]
[templates.hibootstrap.com/colugo/default/assets/css/dark.css]
[templates.hibootstrap.com/colugo/default/assets/css/responsive.css]
[templates.hibootstrap.com/colugo/default/blog.html]
[templates.hibootstrap.com/colugo/default/assets/img/shape/3.svg]
[templates.hibootstrap.com/colugo/default/assets/img/shape/4.svg]
[templates.hibootstrap.com/colugo/default/assets/img/blog-details.jpg]
[templates.hibootstrap.com/colugo/default/single-blog.html]
[templates.hibootstrap.com/colugo/default/assets/css/owl.video.play.html]
